appointment_scheduling/build/app/intermediates/manifest_merge_blame_file/debug/manifest-merger-blame-debug-report.txt
1<?xml version="1.0" encoding="utf-8"?>
2<manifest xmlns:android="http://schemas.android.com/apk/res/android"
3    package="com.mycompany.appointmentscheduling"
4    android:versionCode="1"
5    android:versionName="1.0.0" >
6
7    <uses-sdk
8        android:minSdkVersion="21"
9        android:targetSdkVersion="34" />
10    <!--
11         Flutter needs it to communicate with the running application
12         to allow setting breakpoints, to provide hot reload, etc.
13    -->
14    <uses-permission android:name="android.permission.INTERNET" />
14-->src\main\AndroidManifest.xml:4:5-66
14-->src\main\AndroidManifest.xml:4:22-64
15    <uses-permission android:name="android.permission.CAMERA" />
15-->src\main\AndroidManifest.xml:5:5-64
15-->src\main\AndroidManifest.xml:5:22-62
16    <uses-permission
16-->src\main\AndroidManifest.xml:6:5-80
17        android:name="android.permission.READ_EXTERNAL_STORAGE"
17-->src\main\AndroidManifest.xml:6:22-77
18        android:maxSdkVersion="32" />
18-->[:file_picker] AndroidManifest.xml:11:9-35
19    <uses-permission android:name="android.permission.WRITE_EXTERNAL_STORAGE" />
19-->src\main\AndroidManifest.xml:7:5-81
19-->src\main\AndroidManifest.xml:7:22-78
20    <uses-permission android:name="android.permission.ACCESS_NETWORK_STATE" />
20-->src\main\AndroidManifest.xml:8:5-79
20-->src\main\AndroidManifest.xml:8:22-76
21
22    <queries>
22-->[:file_picker] AndroidManifest.xml:13:5-19:15
23        <intent>
23-->[:file_picker] AndroidManifest.xml:14:9-18:18
24            <action android:name="android.intent.action.GET_CONTENT" />
24-->[:file_picker] AndroidManifest.xml:15:13-72
24-->[:file_picker] AndroidManifest.xml:15:21-69
25
26            <data android:mimeType="*/*" />
26-->src\main\AndroidManifest.xml:50:17-105
27        </intent>
28    </queries>
29
30    <uses-permission android:name="android.permission.VIBRATE" />
30-->[:flutter_local_notifications] AndroidManifest.xml:9:5-66
30-->[:flutter_local_notifications] AndroidManifest.xml:9:22-63
31    <uses-permission android:name="android.permission.POST_NOTIFICATIONS" />
31-->[:flutter_local_notifications] AndroidManifest.xml:10:5-77
31-->[:flutter_local_notifications] AndroidManifest.xml:10:22-74
32    <uses-permission android:name="com.google.android.providers.gsf.permission.READ_GSERVICES" />
32-->[com.google.android.recaptcha:recaptcha:18.4.0] AndroidManifest.xml:9:5-98
32-->[com.google.android.recaptcha:recaptcha:18.4.0] AndroidManifest.xml:9:22-95
33
34    <permission
34-->[androidx.core:core:1.10.1] AndroidManifest.xml:22:5-24:47
35        android:name="com.mycompany.appointmentscheduling.DYNAMIC_RECEIVER_NOT_EXPORTED_PERMISSION"
35-->[androidx.core:core:1.10.1] AndroidManifest.xml:23:9-81
36        android:protectionLevel="signature" />
36-->[androidx.core:core:1.10.1] AndroidManifest.xml:24:9-44
37
38    <uses-permission android:name="com.mycompany.appointmentscheduling.DYNAMIC_RECEIVER_NOT_EXPORTED_PERMISSION" />
38-->[androidx.core:core:1.10.1] AndroidManifest.xml:26:5-97
38-->[androidx.core:core:1.10.1] AndroidManifest.xml:26:22-94
39
40    <application
40-->src\main\AndroidManifest.xml:9:5-63:19
41        android:appComponentFactory="androidx.core.app.CoreComponentFactory"
41-->[androidx.core:core:1.10.1] AndroidManifest.xml:28:18-86
42        android:debuggable="true"
43        android:icon="@mipmap/ic_launcher"
43-->src\main\AndroidManifest.xml:12:9-43
44        android:label="Appointment scheduling"
44-->src\main\AndroidManifest.xml:10:9-47
45        android:requestLegacyExternalStorage="true" >
45-->src\main\AndroidManifest.xml:13:9-52
46        <activity
46-->src\main\AndroidManifest.xml:15:9-53:20
47            android:name="com.mycompany.appointmentscheduling.MainActivity"
47-->src\main\AndroidManifest.xml:16:13-41
48            android:configChanges="orientation|keyboardHidden|keyboard|screenSize|smallestScreenSize|locale|layoutDirection|fontScale|screenLayout|density|uiMode"
48-->src\main\AndroidManifest.xml:20:13-163
49            android:exported="true"
49-->src\main\AndroidManifest.xml:17:13-36
50            android:hardwareAccelerated="true"
50-->src\main\AndroidManifest.xml:21:13-47
51            android:launchMode="singleTop"
51-->src\main\AndroidManifest.xml:18:13-43
52            android:theme="@style/LaunchTheme"
52-->src\main\AndroidManifest.xml:19:13-47
53            android:windowSoftInputMode="adjustResize" >
53-->src\main\AndroidManifest.xml:22:13-55
54
55            <!--
56                 Specifies an Android theme to apply to this Activity as soon as
57                 the Android process has started. This theme is visible to the user
58                 while the Flutter UI initializes. After that, this theme continues
59                 to determine the Window background behind the Flutter UI.
60            -->
61            <meta-data
61-->src\main\AndroidManifest.xml:27:13-30:17
62                android:name="io.flutter.embedding.android.NormalTheme"
62-->src\main\AndroidManifest.xml:28:15-70
63                android:resource="@style/NormalTheme" />
63-->src\main\AndroidManifest.xml:29:15-52
64            <!--
65                 Displays an Android View that continues showing the launch screen
66                 Drawable until Flutter paints its first frame, then this splash
67                 screen fades out. A splash screen is useful to avoid any visual
68                 gap between the end of Android's launch screen and the painting of
69                 Flutter's first frame.
70            -->
71            <meta-data
71-->src\main\AndroidManifest.xml:36:13-39:17
72                android:name="io.flutter.embedding.android.SplashScreenDrawable"
72-->src\main\AndroidManifest.xml:37:15-79
73                android:resource="@drawable/launch_background" />
73-->src\main\AndroidManifest.xml:38:15-61
74
75            <intent-filter>
75-->src\main\AndroidManifest.xml:40:13-43:29
76                <action android:name="android.intent.action.MAIN" />
76-->src\main\AndroidManifest.xml:41:17-68
76-->src\main\AndroidManifest.xml:41:25-66
77
78                <category android:name="android.intent.category.LAUNCHER" />
78-->src\main\AndroidManifest.xml:42:17-76
78-->src\main\AndroidManifest.xml:42:27-74
79            </intent-filter>
80            <!-- Deep linking -->
81            <meta-data
81-->src\main\AndroidManifest.xml:45:13-90
82                android:name="flutter_deeplinking_enabled"
82-->src\main\AndroidManifest.xml:45:24-66
83                android:value="true" />
83-->src\main\AndroidManifest.xml:45:67-87
84
85            <intent-filter android:autoVerify="true" >
85-->src\main\AndroidManifest.xml:46:13-51:29
85-->src\main\AndroidManifest.xml:46:28-53
86                <action android:name="android.intent.action.VIEW" />
86-->src\main\AndroidManifest.xml:47:17-69
86-->src\main\AndroidManifest.xml:47:25-66
87
88                <category android:name="android.intent.category.DEFAULT" />
88-->src\main\AndroidManifest.xml:48:17-76
88-->src\main\AndroidManifest.xml:48:27-73
89                <category android:name="android.intent.category.BROWSABLE" />
89-->src\main\AndroidManifest.xml:49:17-78
89-->src\main\AndroidManifest.xml:49:27-75
90
91                <data
91-->src\main\AndroidManifest.xml:50:17-105
92                    android:host="appointmentscheduling.com"
92-->src\main\AndroidManifest.xml:50:62-102
93                    android:scheme="appointmentscheduling" />
93-->src\main\AndroidManifest.xml:50:23-61
94            </intent-filter>
95        </activity>
96
97        <!--
98             Don't delete the meta-data below.
99             This is used by the Flutter tool to generate GeneratedPluginRegistrant.java
100        -->
101        <meta-data
101-->src\main\AndroidManifest.xml:57:9-59:33
102            android:name="flutterEmbedding"
102-->src\main\AndroidManifest.xml:58:13-44
103            android:value="2" />
103-->src\main\AndroidManifest.xml:59:13-30
104
105        <service
105-->[:firebase_performance] AndroidManifest.xml:12:9-16:19
106            android:name="com.google.firebase.components.ComponentDiscoveryService"
106-->[:firebase_performance] AndroidManifest.xml:12:18-89
107            android:directBootAware="true"
107-->[com.google.firebase:firebase-common:20.4.2] AndroidManifest.xml:32:13-43
108            android:exported="false" >
108-->[com.google.firebase:firebase-perf:20.5.2] AndroidManifest.xml:13:13-37
109            <meta-data
109-->[:firebase_performance] AndroidManifest.xml:13:13-15:85
110                android:name="com.google.firebase.components:io.flutter.plugins.firebase.performance.FlutterFirebaseAppRegistrar"
110-->[:firebase_performance] AndroidManifest.xml:14:17-130
111                android:value="com.google.firebase.components.ComponentRegistrar" />
111-->[:firebase_performance] AndroidManifest.xml:15:17-82
112            <meta-data
112-->[:cloud_firestore] AndroidManifest.xml:11:13-13:85
113                android:name="com.google.firebase.components:io.flutter.plugins.firebase.firestore.FlutterFirebaseFirestoreRegistrar"
113-->[:cloud_firestore] AndroidManifest.xml:12:17-134
114                android:value="com.google.firebase.components.ComponentRegistrar" />
114-->[:cloud_firestore] AndroidManifest.xml:13:17-82
115            <meta-data
115-->[:firebase_auth] AndroidManifest.xml:11:13-13:85
116                android:name="com.google.firebase.components:io.flutter.plugins.firebase.auth.FlutterFirebaseAuthRegistrar"
116-->[:firebase_auth] AndroidManifest.xml:12:17-124
117                android:value="com.google.firebase.components.ComponentRegistrar" />
117-->[:firebase_auth] AndroidManifest.xml:13:17-82
118            <meta-data
118-->[:firebase_storage] AndroidManifest.xml:11:13-13:85
119                android:name="com.google.firebase.components:io.flutter.plugins.firebase.storage.FlutterFirebaseAppRegistrar"
119-->[:firebase_storage] AndroidManifest.xml:12:17-126
120                android:value="com.google.firebase.components.ComponentRegistrar" />
120-->[:firebase_storage] AndroidManifest.xml:13:17-82
121            <meta-data
121-->[:firebase_core] AndroidManifest.xml:11:13-13:85
122                android:name="com.google.firebase.components:io.flutter.plugins.firebase.core.FlutterFirebaseCoreRegistrar"
122-->[:firebase_core] AndroidManifest.xml:12:17-124
123                android:value="com.google.firebase.components.ComponentRegistrar" />
123-->[:firebase_core] AndroidManifest.xml:13:17-82
124            <meta-data
124-->[com.google.firebase:firebase-perf:20.5.2] AndroidManifest.xml:14:13-16:85
125                android:name="com.google.firebase.components:com.google.firebase.perf.FirebasePerfKtxRegistrar"
125-->[com.google.firebase:firebase-perf:20.5.2] AndroidManifest.xml:15:17-112
126                android:value="com.google.firebase.components.ComponentRegistrar" />
126-->[com.google.firebase:firebase-perf:20.5.2] AndroidManifest.xml:16:17-82
127            <meta-data
127-->[com.google.firebase:firebase-perf:20.5.2] AndroidManifest.xml:17:13-19:85
128                android:name="com.google.firebase.components:com.google.firebase.perf.FirebasePerfRegistrar"
128-->[com.google.firebase:firebase-perf:20.5.2] AndroidManifest.xml:18:17-109
129                android:value="com.google.firebase.components.ComponentRegistrar" />
129-->[com.google.firebase:firebase-perf:20.5.2] AndroidManifest.xml:19:17-82
130            <meta-data
130-->[com.google.firebase:firebase-sessions:1.2.2] AndroidManifest.xml:29:13-31:85
131                android:name="com.google.firebase.components:com.google.firebase.sessions.FirebaseSessionsRegistrar"
131-->[com.google.firebase:firebase-sessions:1.2.2] AndroidManifest.xml:30:17-117
132                android:value="com.google.firebase.components.ComponentRegistrar" />
132-->[com.google.firebase:firebase-sessions:1.2.2] AndroidManifest.xml:31:17-82
133            <meta-data
133-->[com.google.firebase:firebase-auth:22.3.1] AndroidManifest.xml:69:13-71:85
134                android:name="com.google.firebase.components:com.google.firebase.auth.FirebaseAuthRegistrar"
134-->[com.google.firebase:firebase-auth:22.3.1] AndroidManifest.xml:70:17-109
135                android:value="com.google.firebase.components.ComponentRegistrar" />
135-->[com.google.firebase:firebase-auth:22.3.1] AndroidManifest.xml:71:17-82
136            <meta-data
136-->[com.google.firebase:firebase-firestore:24.10.3] AndroidManifest.xml:17:13-19:85
137                android:name="com.google.firebase.components:com.google.firebase.firestore.FirebaseFirestoreKtxRegistrar"
137-->[com.google.firebase:firebase-firestore:24.10.3] AndroidManifest.xml:18:17-122
138                android:value="com.google.firebase.components.ComponentRegistrar" />
138-->[com.google.firebase:firebase-firestore:24.10.3] AndroidManifest.xml:19:17-82
139            <meta-data
139-->[com.google.firebase:firebase-firestore:24.10.3] AndroidManifest.xml:20:13-22:85
140                android:name="com.google.firebase.components:com.google.firebase.firestore.FirestoreRegistrar"
140-->[com.google.firebase:firebase-firestore:24.10.3] AndroidManifest.xml:21:17-111
141                android:value="com.google.firebase.components.ComponentRegistrar" />
141-->[com.google.firebase:firebase-firestore:24.10.3] AndroidManifest.xml:22:17-82
142            <meta-data
142-->[com.google.firebase:firebase-storage:20.3.0] AndroidManifest.xml:30:13-32:85
143                android:name="com.google.firebase.components:com.google.firebase.storage.FirebaseStorageKtxRegistrar"
143-->[com.google.firebase:firebase-storage:20.3.0] AndroidManifest.xml:31:17-118
144                android:value="com.google.firebase.components.ComponentRegistrar" />
144-->[com.google.firebase:firebase-storage:20.3.0] AndroidManifest.xml:32:17-82
145            <meta-data
145-->[com.google.firebase:firebase-storage:20.3.0] AndroidManifest.xml:33:13-35:85
146                android:name="com.google.firebase.components:com.google.firebase.storage.StorageRegistrar"
146-->[com.google.firebase:firebase-storage:20.3.0] AndroidManifest.xml:34:17-107
147                android:value="com.google.firebase.components.ComponentRegistrar" />
147-->[com.google.firebase:firebase-storage:20.3.0] AndroidManifest.xml:35:17-82
148            <meta-data
148-->[com.google.firebase:firebase-config:21.6.2] AndroidManifest.xml:29:13-31:85
149                android:name="com.google.firebase.components:com.google.firebase.remoteconfig.FirebaseRemoteConfigKtxRegistrar"
149-->[com.google.firebase:firebase-config:21.6.2] AndroidManifest.xml:30:17-128
150                android:value="com.google.firebase.components.ComponentRegistrar" />
150-->[com.google.firebase:firebase-config:21.6.2] AndroidManifest.xml:31:17-82
151            <meta-data
151-->[com.google.firebase:firebase-config:21.6.2] AndroidManifest.xml:32:13-34:85
152                android:name="com.google.firebase.components:com.google.firebase.remoteconfig.RemoteConfigRegistrar"
152-->[com.google.firebase:firebase-config:21.6.2] AndroidManifest.xml:33:17-117
153                android:value="com.google.firebase.components.ComponentRegistrar" />
153-->[com.google.firebase:firebase-config:21.6.2] AndroidManifest.xml:34:17-82
154            <meta-data
154-->[com.google.firebase:firebase-installations:17.2.0] AndroidManifest.xml:15:13-17:85
155                android:name="com.google.firebase.components:com.google.firebase.installations.FirebaseInstallationsKtxRegistrar"
155-->[com.google.firebase:firebase-installations:17.2.0] AndroidManifest.xml:16:17-130
156                android:value="com.google.firebase.components.ComponentRegistrar" />
156-->[com.google.firebase:firebase-installations:17.2.0] AndroidManifest.xml:17:17-82
157            <meta-data
157-->[com.google.firebase:firebase-installations:17.2.0] AndroidManifest.xml:18:13-20:85
158                android:name="com.google.firebase.components:com.google.firebase.installations.FirebaseInstallationsRegistrar"
158-->[com.google.firebase:firebase-installations:17.2.0] AndroidManifest.xml:19:17-127
159                android:value="com.google.firebase.components.ComponentRegistrar" />
159-->[com.google.firebase:firebase-installations:17.2.0] AndroidManifest.xml:20:17-82
160            <meta-data
160-->[com.google.firebase:firebase-appcheck:17.1.2] AndroidManifest.xml:25:13-27:85
161                android:name="com.google.firebase.components:com.google.firebase.appcheck.FirebaseAppCheckKtxRegistrar"
161-->[com.google.firebase:firebase-appcheck:17.1.2] AndroidManifest.xml:26:17-120
162                android:value="com.google.firebase.components.ComponentRegistrar" />
162-->[com.google.firebase:firebase-appcheck:17.1.2] AndroidManifest.xml:27:17-82
163            <meta-data
163-->[com.google.firebase:firebase-appcheck:17.1.2] AndroidManifest.xml:28:13-30:85
164                android:name="com.google.firebase.components:com.google.firebase.appcheck.FirebaseAppCheckRegistrar"
164-->[com.google.firebase:firebase-appcheck:17.1.2] AndroidManifest.xml:29:17-117
165                android:value="com.google.firebase.components.ComponentRegistrar" />
165-->[com.google.firebase:firebase-appcheck:17.1.2] AndroidManifest.xml:30:17-82
166            <meta-data
166-->[com.google.firebase:firebase-common-ktx:20.4.2] AndroidManifest.xml:12:13-14:85
167                android:name="com.google.firebase.components:com.google.firebase.ktx.FirebaseCommonLegacyRegistrar"
167-->[com.google.firebase:firebase-common-ktx:20.4.2] AndroidManifest.xml:13:17-116
168                android:value="com.google.firebase.components.ComponentRegistrar" />
168-->[com.google.firebase:firebase-common-ktx:20.4.2] AndroidManifest.xml:14:17-82
169            <meta-data
169-->[com.google.firebase:firebase-datatransport:18.1.8] AndroidManifest.xml:27:13-29:85
170                android:name="com.google.firebase.components:com.google.firebase.datatransport.TransportRegistrar"
170-->[com.google.firebase:firebase-datatransport:18.1.8] AndroidManifest.xml:28:17-115
171                android:value="com.google.firebase.components.ComponentRegistrar" />
171-->[com.google.firebase:firebase-datatransport:18.1.8] AndroidManifest.xml:29:17-82
172            <meta-data
172-->[com.google.firebase:firebase-common:20.4.2] AndroidManifest.xml:35:13-37:85
173                android:name="com.google.firebase.components:com.google.firebase.FirebaseCommonKtxRegistrar"
173-->[com.google.firebase:firebase-common:20.4.2] AndroidManifest.xml:36:17-109
174                android:value="com.google.firebase.components.ComponentRegistrar" />
174-->[com.google.firebase:firebase-common:20.4.2] AndroidManifest.xml:37:17-82
175            <meta-data
175-->[com.google.firebase:firebase-abt:21.1.1] AndroidManifest.xml:12:13-14:85
176                android:name="com.google.firebase.components:com.google.firebase.abt.component.AbtRegistrar"
176-->[com.google.firebase:firebase-abt:21.1.1] AndroidManifest.xml:13:17-109
177                android:value="com.google.firebase.components.ComponentRegistrar" />
177-->[com.google.firebase:firebase-abt:21.1.1] AndroidManifest.xml:14:17-82
178        </service>
179
180        <provider
180-->[:image_picker_android] AndroidManifest.xml:11:9-19:20
181            android:name="io.flutter.plugins.imagepicker.ImagePickerFileProvider"
181-->[:image_picker_android] AndroidManifest.xml:12:13-82
182            android:authorities="com.mycompany.appointmentscheduling.flutter.image_provider"
182-->[:image_picker_android] AndroidManifest.xml:13:13-74
183            android:exported="false"
183-->[:image_picker_android] AndroidManifest.xml:14:13-37
184            android:grantUriPermissions="true" >
184-->[:image_picker_android] AndroidManifest.xml:15:13-47
185            <meta-data
185-->[:image_picker_android] AndroidManifest.xml:16:13-18:75
186                android:name="android.support.FILE_PROVIDER_PATHS"
186-->[:image_picker_android] AndroidManifest.xml:17:17-67
187                android:resource="@xml/flutter_image_picker_file_paths" />
187-->[:image_picker_android] AndroidManifest.xml:18:17-72
188        </provider> <!-- Trigger Google Play services to install the backported photo picker module. -->
189        <service
189-->[:image_picker_android] AndroidManifest.xml:21:9-33:19
190            android:name="com.google.android.gms.metadata.ModuleDependencies"
190-->[:image_picker_android] AndroidManifest.xml:22:13-78
191            android:enabled="false"
191-->[:image_picker_android] AndroidManifest.xml:23:13-36
192            android:exported="false" >
192-->[:image_picker_android] AndroidManifest.xml:24:13-37
193            <intent-filter>
193-->[:image_picker_android] AndroidManifest.xml:26:13-28:29
194                <action android:name="com.google.android.gms.metadata.MODULE_DEPENDENCIES" />
194-->[:image_picker_android] AndroidManifest.xml:27:17-94
194-->[:image_picker_android] AndroidManifest.xml:27:25-91
195            </intent-filter>
196
197            <meta-data
197-->[:image_picker_android] AndroidManifest.xml:30:13-32:36
198                android:name="photopicker_activity:0:required"
198-->[:image_picker_android] AndroidManifest.xml:31:17-63
199                android:value="" />
199-->[:image_picker_android] AndroidManifest.xml:32:17-33
200        </service>
201
202        <activity
202-->[:url_launcher_android] AndroidManifest.xml:10:9-13:74
203            android:name="io.flutter.plugins.urllauncher.WebViewActivity"
203-->[:url_launcher_android] AndroidManifest.xml:11:13-74
204            android:exported="false"
204-->[:url_launcher_android] AndroidManifest.xml:12:13-37
205            android:theme="@android:style/Theme.NoTitleBar.Fullscreen" />
205-->[:url_launcher_android] AndroidManifest.xml:13:13-71
206
207        <service
207-->[com.google.firebase:firebase-sessions:1.2.2] AndroidManifest.xml:22:9-25:40
208            android:name="com.google.firebase.sessions.SessionLifecycleService"
208-->[com.google.firebase:firebase-sessions:1.2.2] AndroidManifest.xml:23:13-80
209            android:enabled="true"
209-->[com.google.firebase:firebase-sessions:1.2.2] AndroidManifest.xml:24:13-35
210            android:exported="false" />
210-->[com.google.firebase:firebase-sessions:1.2.2] AndroidManifest.xml:25:13-37
211
212        <activity
212-->[com.google.firebase:firebase-auth:22.3.1] AndroidManifest.xml:29:9-46:20
213            android:name="com.google.firebase.auth.internal.GenericIdpActivity"
213-->[com.google.firebase:firebase-auth:22.3.1] AndroidManifest.xml:30:13-80
214            android:excludeFromRecents="true"
214-->[com.google.firebase:firebase-auth:22.3.1] AndroidManifest.xml:31:13-46
215            android:exported="true"
215-->[com.google.firebase:firebase-auth:22.3.1] AndroidManifest.xml:32:13-36
216            android:launchMode="singleTask"
216-->[com.google.firebase:firebase-auth:22.3.1] AndroidManifest.xml:33:13-44
217            android:theme="@android:style/Theme.Translucent.NoTitleBar" >
217-->[com.google.firebase:firebase-auth:22.3.1] AndroidManifest.xml:34:13-72
218            <intent-filter>
218-->[com.google.firebase:firebase-auth:22.3.1] AndroidManifest.xml:35:13-45:29
219                <action android:name="android.intent.action.VIEW" />
219-->src\main\AndroidManifest.xml:47:17-69
219-->src\main\AndroidManifest.xml:47:25-66
220
221                <category android:name="android.intent.category.DEFAULT" />
221-->src\main\AndroidManifest.xml:48:17-76
221-->src\main\AndroidManifest.xml:48:27-73
222                <category android:name="android.intent.category.BROWSABLE" />
222-->src\main\AndroidManifest.xml:49:17-78
222-->src\main\AndroidManifest.xml:49:27-75
223
224                <data
224-->src\main\AndroidManifest.xml:50:17-105
225                    android:host="firebase.auth"
225-->src\main\AndroidManifest.xml:50:62-102
226                    android:path="/"
227                    android:scheme="genericidp" />
227-->src\main\AndroidManifest.xml:50:23-61
228            </intent-filter>
229        </activity>
230        <activity
230-->[com.google.firebase:firebase-auth:22.3.1] AndroidManifest.xml:47:9-64:20
231            android:name="com.google.firebase.auth.internal.RecaptchaActivity"
231-->[com.google.firebase:firebase-auth:22.3.1] AndroidManifest.xml:48:13-79
232            android:excludeFromRecents="true"
232-->[com.google.firebase:firebase-auth:22.3.1] AndroidManifest.xml:49:13-46
233            android:exported="true"
233-->[com.google.firebase:firebase-auth:22.3.1] AndroidManifest.xml:50:13-36
234            android:launchMode="singleTask"
234-->[com.google.firebase:firebase-auth:22.3.1] AndroidManifest.xml:51:13-44
235            android:theme="@android:style/Theme.Translucent.NoTitleBar" >
235-->[com.google.firebase:firebase-auth:22.3.1] AndroidManifest.xml:52:13-72
236            <intent-filter>
236-->[com.google.firebase:firebase-auth:22.3.1] AndroidManifest.xml:53:13-63:29
237                <action android:name="android.intent.action.VIEW" />
237-->src\main\AndroidManifest.xml:47:17-69
237-->src\main\AndroidManifest.xml:47:25-66
238
239                <category android:name="android.intent.category.DEFAULT" />
239-->src\main\AndroidManifest.xml:48:17-76
239-->src\main\AndroidManifest.xml:48:27-73
240                <category android:name="android.intent.category.BROWSABLE" />
240-->src\main\AndroidManifest.xml:49:17-78
240-->src\main\AndroidManifest.xml:49:27-75
241
242                <data
242-->src\main\AndroidManifest.xml:50:17-105
243                    android:host="firebase.auth"
243-->src\main\AndroidManifest.xml:50:62-102
244                    android:path="/"
245                    android:scheme="recaptcha" />
245-->src\main\AndroidManifest.xml:50:23-61
246            </intent-filter>
247        </activity>
248
249        <service
249-->[com.google.android.datatransport:transport-backend-cct:3.1.9] AndroidManifest.xml:28:9-34:19
250            android:name="com.google.android.datatransport.runtime.backends.TransportBackendDiscovery"
250-->[com.google.android.datatransport:transport-backend-cct:3.1.9] AndroidManifest.xml:29:13-103
251            android:exported="false" >
251-->[com.google.android.datatransport:transport-backend-cct:3.1.9] AndroidManifest.xml:30:13-37
252            <meta-data
252-->[com.google.android.datatransport:transport-backend-cct:3.1.9] AndroidManifest.xml:31:13-33:39
253                android:name="backend:com.google.android.datatransport.cct.CctBackendFactory"
253-->[com.google.android.datatransport:transport-backend-cct:3.1.9] AndroidManifest.xml:32:17-94
254                android:value="cct" />
254-->[com.google.android.datatransport:transport-backend-cct:3.1.9] AndroidManifest.xml:33:17-36
255        </service>
256
257        <activity
257-->[com.google.android.gms:play-services-auth:21.0.0] AndroidManifest.xml:23:9-27:75
258            android:name="com.google.android.gms.auth.api.signin.internal.SignInHubActivity"
258-->[com.google.android.gms:play-services-auth:21.0.0] AndroidManifest.xml:24:13-93
259            android:excludeFromRecents="true"
259-->[com.google.android.gms:play-services-auth:21.0.0] AndroidManifest.xml:25:13-46
260            android:exported="false"
260-->[com.google.android.gms:play-services-auth:21.0.0] AndroidManifest.xml:26:13-37
261            android:theme="@android:style/Theme.Translucent.NoTitleBar" />
261-->[com.google.android.gms:play-services-auth:21.0.0] AndroidManifest.xml:27:13-72
262        <!--
263            Service handling Google Sign-In user revocation. For apps that do not integrate with
264            Google Sign-In, this service will never be started.
265        -->
266        <service
266-->[com.google.android.gms:play-services-auth:21.0.0] AndroidManifest.xml:33:9-37:51
267            android:name="com.google.android.gms.auth.api.signin.RevocationBoundService"
267-->[com.google.android.gms:play-services-auth:21.0.0] AndroidManifest.xml:34:13-89
268            android:exported="true"
268-->[com.google.android.gms:play-services-auth:21.0.0] AndroidManifest.xml:35:13-36
269            android:permission="com.google.android.gms.auth.api.signin.permission.REVOCATION_NOTIFICATION"
269-->[com.google.android.gms:play-services-auth:21.0.0] AndroidManifest.xml:36:13-107
270            android:visibleToInstantApps="true" />
270-->[com.google.android.gms:play-services-auth:21.0.0] AndroidManifest.xml:37:13-48
271
272        <activity
272-->[com.google.android.gms:play-services-base:18.1.0] AndroidManifest.xml:20:9-22:45
273            android:name="com.google.android.gms.common.api.GoogleApiActivity"
273-->[com.google.android.gms:play-services-base:18.1.0] AndroidManifest.xml:20:19-85
274            android:exported="false"
274-->[com.google.android.gms:play-services-base:18.1.0] AndroidManifest.xml:22:19-43
275            android:theme="@android:style/Theme.Translucent.NoTitleBar" />
275-->[com.google.android.gms:play-services-base:18.1.0] AndroidManifest.xml:21:19-78
276
277        <provider
277-->[com.google.firebase:firebase-common:20.4.2] AndroidManifest.xml:23:9-28:39
278            android:name="com.google.firebase.provider.FirebaseInitProvider"
278-->[com.google.firebase:firebase-common:20.4.2] AndroidManifest.xml:24:13-77
279            android:authorities="com.mycompany.appointmentscheduling.firebaseinitprovider"
279-->[com.google.firebase:firebase-common:20.4.2] AndroidManifest.xml:25:13-72
280            android:directBootAware="true"
280-->[com.google.firebase:firebase-common:20.4.2] AndroidManifest.xml:26:13-43
281            android:exported="false"
281-->[com.google.firebase:firebase-common:20.4.2] AndroidManifest.xml:27:13-37
282            android:initOrder="100" />
282-->[com.google.firebase:firebase-common:20.4.2] AndroidManifest.xml:28:13-36
283
284        <meta-data
284-->[com.google.android.gms:play-services-basement:18.3.0] AndroidManifest.xml:21:9-23:69